<?xml version="1.0" encoding="UTF-8"?>
<testng-results ignored="0" total="1" passed="1" failed="0" skipped="0">
  <reporter-output>
  </reporter-output>
  <suite started-at="2026-02-02T22:30:52 IST" name="Suite" finished-at="2026-02-02T22:31:08 IST" duration-ms="15105">
    <groups>
      <group name="cucumber">
        <method signature="AbstractTestNGCucumberTests.runScenario(io.cucumber.testng.PickleWrapper,io.cucumber.testng.FeatureWrapper)[pri:0, instance:org.bdd.runner.qa.TestRunner@63070bab]" name="runScenario" class="io.cucumber.testng.AbstractTestNGCucumberTests"/>
      </group> <!-- cucumber -->
    </groups>
    <test started-at="2026-02-02T22:30:52 IST" name="Test" finished-at="2026-02-02T22:31:08 IST" duration-ms="15105">
      <class name="org.bdd.runner.qa.TestRunner">
        <test-method is-config="true" signature="setUpClass(org.testng.ITestContext)[pri:0, instance:org.bdd.runner.qa.TestRunner@63070bab]" started-at="2026-02-02T22:30:52 IST" name="setUpClass" finished-at="2026-02-02T22:30:53 IST" duration-ms="933" status="PASS">
          <params>
            <param index="0">
              <value>
                <![CDATA[org.testng.TestRunner@55ec556]]>
              </value>
            </param>
          </params>
          <reporter-output>
          </reporter-output>
        </test-method> <!-- setUpClass -->
        <test-method signature="runScenario(io.cucumber.testng.PickleWrapper,io.cucumber.testng.FeatureWrapper)[pri:0, instance:org.bdd.runner.qa.TestRunner@63070bab]" started-at="2026-02-02T22:30:53 IST" name="runScenario" description="Runs Cucumber Scenarios" data-provider="scenarios" finished-at="2026-02-02T22:31:07 IST" duration-ms="14003" status="PASS">
          <params>
            <param index="0">
              <value>
                <![CDATA["Login with Valid credentials"]]>
              </value>
            </param>
            <param index="1">
              <value>
                <![CDATA["Login Functionality"]]>
              </value>
            </param>
          </params>
          <reporter-output>
          </reporter-output>
        </test-method> <!-- runScenario -->
        <test-method is-config="true" signature="tearDownClass()[pri:0, instance:org.bdd.runner.qa.TestRunner@63070bab]" started-at="2026-02-02T22:31:07 IST" name="tearDownClass" finished-at="2026-02-02T22:31:08 IST" duration-ms="101" status="PASS">
          <reporter-output>
          </reporter-output>
        </test-method> <!-- tearDownClass -->
      </class> <!-- org.bdd.runner.qa.TestRunner -->
    </test> <!-- Test -->
  </suite> <!-- Suite -->
</testng-results>
