<?xml version="1.0" encoding="UTF-8"?>
<!-- Generated by org.testng.reporters.JUnitXMLReporter -->
<testsuite ignored="0" hostname="Hrushikeshs-Air" failures="1" tests="1" name="Default test" time="1.637" errors="0" timestamp="2026-01-07T18:37:08 IST">
  <testcase classname="io.cucumber.testng.AbstractTestNGCucumberTests" name="runScenario" time="0.2">
    <failure type="io.cucumber.testng.UndefinedStepException" message="The step &amp;apos;user Login to saucedemo Page&amp;apos; and 2 other step(s) are undefined.
You can implement these steps using the snippet(s) below:

@Given(&amp;quot;user Login to saucedemo Page&amp;quot;)
public void user_login_to_saucedemo_page() {
    // Write code here that turns the phrase above into concrete actions
    throw new io.cucumber.java.PendingException();
}
@When(&amp;quot;Enter Username and Password&amp;quot;)
public void enter_username_and_password() {
    // Write code here that turns the phrase above into concrete actions
    throw new io.cucumber.java.PendingException();
}
@Then(&amp;quot;user will navigate to product page&amp;quot;)
public void user_will_navigate_to_product_page() {
    // Write code here that turns the phrase above into concrete actions
    throw new io.cucumber.java.PendingException();
}
">
      <![CDATA[io.cucumber.testng.UndefinedStepException: The step 'user Login to saucedemo Page' and 2 other step(s) are undefined.
You can implement these steps using the snippet(s) below:

@Given("user Login to saucedemo Page")
public void user_login_to_saucedemo_page() {
    // Write code here that turns the phrase above into concrete actions
    throw new io.cucumber.java.PendingException();
}
@When("Enter Username and Password")
public void enter_username_and_password() {
    // Write code here that turns the phrase above into concrete actions
    throw new io.cucumber.java.PendingException();
}
@Then("user will navigate to product page")
public void user_will_navigate_to_product_page() {
    // Write code here that turns the phrase above into concrete actions
    throw new io.cucumber.java.PendingException();
}

at ✽.user Login to saucedemo Page(file:///Users/hrushi/Desktop/Priyanka/eclipse_workspace/CucumberFrameworkBDDMavenProject/src/test/resources/features/SauceLogin.feature:4)
]]>
    </failure>
  </testcase> <!-- runScenario -->
</testsuite> <!-- Default test -->
